<?xml version="1.0" encoding="utf-8"?><testsuites><testsuite name="pytest" errors="0" failures="0" skipped="0" tests="6" time="0.443" timestamp="2023-08-31T19:54:36.204031" hostname="hwanguieongsMBP.attlocal.net"><testcase classname="test_elasticsearch" name="test_elasticsearch" time="0.206" /><testcase classname="test_elasticsearch" name="test_indics_analyzer_elasticsearch" time="0.005" /><testcase classname="test_elasticsearch" name="test_search_elasticsearch" time="0.035" /><testcase classname="test_elasticsearch" name="test_api_es_search" time="0.037" /><testcase classname="test_search.TestQueryBuilders" name="test_query_builder" time="0.002" /><testcase classname="test_search.TestSearchBuilders" name="test_search_builder" time="0.018" /></testsuite></testsuites>